SQL> @.\04_insertions_OrgaFestival.sql;
SQL> -- ====================================================================
SQL> -- Auteur : Antoine de Choudens
SQL> -- Script : 04_insertions_OrgaFestival.sql
SQL> -- Objet  : Insertions de données sur les tables OrgaFestival
SQL> -- ====================================================================
SQL> 
SQL> SET DEFINE OFF
SQL> 
SQL> -- ====================================================
SQL> -- Drop sequence
SQL> -- ====================================================
SQL> DROP SEQUENCE sq_org_utilisateur;
DROP SEQUENCE sq_org_utilisateur
              *
ERREUR à la ligne 1 :
ORA-02289: la séquence n'existe pas 


SQL> DROP SEQUENCE sq_org_festival;
DROP SEQUENCE sq_org_festival
              *
ERREUR à la ligne 1 :
ORA-02289: la séquence n'existe pas 


SQL> DROP SEQUENCE sq_org_artiste;
DROP SEQUENCE sq_org_artiste
              *
ERREUR à la ligne 1 :
ORA-02289: la séquence n'existe pas 


SQL> DROP SEQUENCE sq_org_genre;
DROP SEQUENCE sq_org_genre
              *
ERREUR à la ligne 1 :
ORA-02289: la séquence n'existe pas 


SQL> DROP SEQUENCE sq_org_scene;
DROP SEQUENCE sq_org_scene
              *
ERREUR à la ligne 1 :
ORA-02289: la séquence n'existe pas 


SQL> DROP SEQUENCE sq_org_joue;
DROP SEQUENCE sq_org_joue
              *
ERREUR à la ligne 1 :
ORA-02289: la séquence n'existe pas 


SQL> 
SQL> 
SQL> -- ====================================================
SQL> -- Initialisation des sequences
SQL> -- ====================================================
SQL> CREATE SEQUENCE sq_org_utilisateur
  2  	    MINVALUE 1
  3  	    START WITH 1;

Séquence créée.

SQL> 
SQL> CREATE SEQUENCE sq_org_festival
  2  	    MINVALUE 1
  3  	    START WITH 1;

Séquence créée.

SQL> 
SQL> CREATE SEQUENCE sq_org_artiste
  2  	    MINVALUE 1
  3  	    START WITH 1;

Séquence créée.

SQL> 
SQL> CREATE SEQUENCE sq_org_genre
  2  	    MINVALUE 1
  3  	    START WITH 1;

Séquence créée.

SQL> 
SQL> CREATE SEQUENCE sq_org_scene
  2  	    MINVALUE 1
  3  	    START WITH 1;

Séquence créée.

SQL> 
SQL> CREATE SEQUENCE sq_org_joue
  2  	    MINVALUE 1
  3  	    START WITH 1;

Séquence créée.

SQL> 
SQL> -- ====================================================
SQL> -- Insertion Table : org_utilisateur
SQL> -- ====================================================
SQL> INSERT INTO org_utilisateur VALUES(sq_org_utilisateur.NEXTVAL, 'admin', '123', 'DE CHOUDENS', 'Antoine', '7 ch. de Bonne, 1233 Bernex', '0763823991');

1 ligne créée.

SQL> INSERT INTO org_utilisateur VALUES(sq_org_utilisateur.NEXTVAL, 'georgb', '1234', 'Benedicte', 'George', '8 ch. de la tour, 1213 Onex', '077582565');

1 ligne créée.

SQL> INSERT INTO org_utilisateur VALUES(sq_org_utilisateur.NEXTVAL, 'fredec', '12345', 'Chavez', 'Frederic', '7 ch. de Bonne, 1233 Bernex', '0722824321');

1 ligne créée.

SQL> INSERT INTO org_utilisateur VALUES(sq_org_utilisateur.NEXTVAL, 'test', '123', 'test', 'test', '0 ch de test', '545455');

1 ligne créée.

SQL> 
SQL> COMMIT;

Validation effectuée.

SQL> 
SQL> -- ====================================================
SQL> -- Insertion Table : org_festival
SQL> -- ====================================================
SQL> INSERT INTO org_festival VALUES(sq_org_festival.NEXTVAL, 'Paleo', 'Nyon, Switzerland', '01.06.2016', '08.06.2016', 1);

1 ligne créée.

SQL> INSERT INTO org_festival VALUES(sq_org_festival.NEXTVAL, 'Burning Man', 'Black Rock Desert, Nevada, United States', '12.07.2016', '24.07.2016', 2);

1 ligne créée.

SQL> INSERT INTO org_festival VALUES(sq_org_festival.NEXTVAL, 'Coachella', 'Indio, California, United States', '07.08.2016', '14.08.2016', 3);

1 ligne créée.

SQL> 
SQL> COMMIT;

Validation effectuée.

SQL> 
SQL> -- ====================================================
SQL> -- Insertion Table : org_genre
SQL> -- ====================================================
SQL> 
SQL> INSERT INTO org_genre VALUES(sq_org_genre.NEXTVAL, 'Hip-Hop');

1 ligne créée.

SQL> INSERT INTO org_genre VALUES(sq_org_genre.NEXTVAL, 'Rock');

1 ligne créée.

SQL> INSERT INTO org_genre VALUES(sq_org_genre.NEXTVAL, 'Indie rock');

1 ligne créée.

SQL> INSERT INTO org_genre VALUES(sq_org_genre.NEXTVAL, 'Pop');

1 ligne créée.

SQL> INSERT INTO org_genre VALUES(sq_org_genre.NEXTVAL, 'Indie pop');

1 ligne créée.

SQL> INSERT INTO org_genre VALUES(sq_org_genre.NEXTVAL, 'Jazz');

1 ligne créée.

SQL> INSERT INTO org_genre VALUES(sq_org_genre.NEXTVAL, 'Techno');

1 ligne créée.

SQL> INSERT INTO org_genre VALUES(sq_org_genre.NEXTVAL, 'Trance');

1 ligne créée.

SQL> INSERT INTO org_genre VALUES(sq_org_genre.NEXTVAL, 'Blues');

1 ligne créée.

SQL> INSERT INTO org_genre VALUES(sq_org_genre.NEXTVAL, 'Metal');

1 ligne créée.

SQL> INSERT INTO org_genre VALUES(sq_org_genre.NEXTVAL, 'Hard Rock');

1 ligne créée.

SQL> INSERT INTO org_genre VALUES(sq_org_genre.NEXTVAL, 'Dubstep');

1 ligne créée.

SQL> INSERT INTO org_genre VALUES(sq_org_genre.NEXTVAL, 'Classique');

1 ligne créée.

SQL> INSERT INTO org_genre VALUES(sq_org_genre.NEXTVAL, 'Folk');

1 ligne créée.

SQL> INSERT INTO org_genre VALUES(sq_org_genre.NEXTVAL, 'Punk rock');

1 ligne créée.

SQL> INSERT INTO org_genre VALUES(sq_org_genre.NEXTVAL, 'Dancehall');

1 ligne créée.

SQL> INSERT INTO org_genre VALUES(sq_org_genre.NEXTVAL, 'Death metal');

1 ligne créée.

SQL> INSERT INTO org_genre VALUES(sq_org_genre.NEXTVAL, 'Drum & Bass');

1 ligne créée.

SQL> INSERT INTO org_genre VALUES(sq_org_genre.NEXTVAL, 'Dub');

1 ligne créée.

SQL> INSERT INTO org_genre VALUES(sq_org_genre.NEXTVAL, 'Reggae');

1 ligne créée.

SQL> INSERT INTO org_genre VALUES(sq_org_genre.NEXTVAL, 'Electro house');

1 ligne créée.

SQL> INSERT INTO org_genre VALUES(sq_org_genre.NEXTVAL, 'Electro swing');

1 ligne créée.

SQL> INSERT INTO org_genre VALUES(sq_org_genre.NEXTVAL, 'Jazz fusion');

1 ligne créée.

SQL> INSERT INTO org_genre VALUES(sq_org_genre.NEXTVAL, 'Disco');

1 ligne créée.

SQL> INSERT INTO org_genre VALUES(sq_org_genre.NEXTVAL, 'Rap');

1 ligne créée.

SQL> INSERT INTO org_genre VALUES(sq_org_genre.NEXTVAL, 'Reggaetón');

1 ligne créée.

SQL> INSERT INTO org_genre VALUES(sq_org_genre.NEXTVAL, 'Pop rock');

1 ligne créée.

SQL> INSERT INTO org_genre VALUES(sq_org_genre.NEXTVAL, 'R&B');

1 ligne créée.

SQL> INSERT INTO org_genre VALUES(sq_org_genre.NEXTVAL, 'Ska');

1 ligne créée.

SQL> COMMIT;

Validation effectuée.

SQL> 
SQL> -- ====================================================
SQL> -- Insertion Table : org_artiste
SQL> -- ====================================================
SQL> 
SQL> INSERT INTO org_artiste VALUES(sq_org_artiste.NEXTVAL, 'JayZ', 'Jay Z, anciennement Jay-Z de son vrai nom Shawn Corey Carter, né le 4 décembre 1969 à New York, est un rappeur et homme d''affaires américain. Il est l''un des artistes de hip-hop les mieux rémunérés d''Amérique', 1);

1 ligne créée.

SQL> INSERT INTO org_artiste VALUES(sq_org_artiste.NEXTVAL, 'Muse', 'Muse est un groupe de rock britannique originaire de Teignmouth, dans le Devon, en Angleterre. Apparu sur la scène musicale en 1994, le trio est composé de Matthew Bellamy (chant, guitare, piano), Christopher Wolstenholme (basse, harmonica, chant, chœurs) et Dominic Howard', 2);

1 ligne créée.

SQL> INSERT INTO org_artiste VALUES(sq_org_artiste.NEXTVAL, 'Alt-J', 'alt-J est un groupe de rock indépendant alternatif anglais originaire de Leeds composé de quatre musiciens et formé en 2007.', 16);

1 ligne créée.

SQL> 
SQL> INSERT INTO org_artiste VALUES(sq_org_artiste.NEXTVAL, 'Metronomy', 'Metronomy est un groupe de musique électronique et alternative formé en 1999 par Joseph Mount à Totnes, ville du sud du Devon en Angleterre. Le groupe actuel est composé de Joseph Mount (compositions, au chant, claviers et guitare), d''Anna Prior (batterie et au chant), d''Oscar Cash (saxophone, claviers, guitare et chœurs) et d''Olugbenga Adelekan (basse et chœurs).', 15);

1 ligne créée.

SQL> 
SQL> INSERT INTO org_artiste VALUES(sq_org_artiste.NEXTVAL, 'Skrilex', 'Sonny John Moore, known professionally as Skrillex, is an American electronic music producer, DJ, singer and songwriter.', 12);

1 ligne créée.

SQL> INSERT INTO org_artiste VALUES(sq_org_artiste.NEXTVAL, 'Whitechapel', 'Whitechapel est un groupe de deathcore américain fondé en 2006.', 17);

1 ligne créée.

SQL> INSERT INTO org_artiste VALUES(sq_org_artiste.NEXTVAL, 'Damian Marley', 'Damian Marley est un artiste musicien, producteur de disques et reggaeman né à Kingston, le 21 juillet 1978. Il est le fils de Bob Marley, d’où son surnom de « Junior Gong » qui lui vient de son père surnommé « Tuff Gong »', 20);

1 ligne créée.

SQL> INSERT INTO org_artiste VALUES(sq_org_artiste.NEXTVAL, 'Caravan Palace', 'Caravan Palace est un groupe français de musique électronique dont le premier album est sorti en octobre 2008 chez Wagram Music.', 22);

1 ligne créée.

SQL> INSERT INTO org_artiste VALUES(sq_org_artiste.NEXTVAL, 'Usher', 'Usher Terry Raymond IV né le 14 octobre 1978 à Dallas au Texas, est un chanteur de RnB, danseur, parolier, et acteur américain.', 28);

1 ligne créée.

SQL> INSERT INTO org_artiste VALUES(sq_org_artiste.NEXTVAL, 'Michael Douglas', null, null);

1 ligne créée.

SQL> 
SQL> -- ====================================================
SQL> -- Insertion Table : org_scene
SQL> -- ====================================================
SQL> INSERT INTO org_scene VALUES(sq_org_scene.NEXTVAL, 'Grande scène', 'C''est une grande scène', 10000, 150, 100, TO_DATE('08:00', 'hh24:mi'), TO_DATE('23:00', 'hh24:mi'), 1);

1 ligne créée.

SQL> INSERT INTO org_scene VALUES(sq_org_scene.NEXTVAL, 'Petite scène', 'C''est une petite scène', 5000, 90, 80, TO_DATE('08:00', 'hh24:mi'), TO_DATE('23:00', 'hh24:mi'), 1);

1 ligne créée.

SQL> INSERT INTO org_scene VALUES(sq_org_scene.NEXTVAL, 'Chapiteau', 'C''est un chapiteau', 2000, 100, 70, TO_DATE('08:00', 'hh24:mi'), TO_DATE('22:00', 'hh24:mi'), 1);

1 ligne créée.

SQL> INSERT INTO org_scene VALUES(sq_org_scene.NEXTVAL, 'EthnScene', 'Scène du monde', 1000, 100, 60, TO_DATE('08:00', 'hh24:mi'), TO_DATE('19:00', 'hh24:mi'), 1);

1 ligne créée.

SQL> 
SQL> INSERT INTO org_scene VALUES(sq_org_scene.NEXTVAL, 'Scène Rouge', 'Genre : rock, metal', 2000, 100, 70, TO_DATE('08:00', 'hh24:mi'), TO_DATE('23:00', 'hh24:mi'), 2);

1 ligne créée.

SQL> INSERT INTO org_scene VALUES(sq_org_scene.NEXTVAL, 'Scène Bleue', 'Electro', 5000, 90, 80, TO_DATE('08:00', 'hh24:mi'), TO_DATE('23:00', 'hh24:mi'), 2);

1 ligne créée.

SQL> INSERT INTO org_scene VALUES(sq_org_scene.NEXTVAL, 'Scène Principal', 'C''est un chapiteau', 10000, 150, 100, TO_DATE('08:00', 'hh24:mi'), TO_DATE('23:00', 'hh24:mi'), 2);

1 ligne créée.

SQL> INSERT INTO org_scene VALUES(sq_org_scene.NEXTVAL, 'Scène Verte', 'Jazz', 1000, 100, 60, TO_DATE('08:00', 'hh24:mi'), TO_DATE('23:00', 'hh24:mi'), 2);

1 ligne créée.

SQL> 
SQL> INSERT INTO org_scene VALUES(sq_org_scene.NEXTVAL, 'Main stage', 'Scène principale', 2000, 50, 60, TO_DATE('08:00', 'hh24:mi'), TO_DATE('23:00', 'hh24:mi'), 3);

1 ligne créée.

SQL> INSERT INTO org_scene VALUES(sq_org_scene.NEXTVAL, 'Little one', 'Pour les nouveaux groupe', 2000, 100, 70, TO_DATE('08:00', 'hh24:mi'), TO_DATE('18:00', 'hh24:mi'), 3);

1 ligne créée.

SQL> INSERT INTO org_scene VALUES(sq_org_scene.NEXTVAL, 'Discovery', 'Musique du monde', 5000, 100, 70, TO_DATE('08:00', 'hh24:mi'), TO_DATE('23:00', 'hh24:mi'), 3);

1 ligne créée.

SQL> 
SQL> COMMIT;

Validation effectuée.

SQL> 
SQL> -- ====================================================
SQL> -- Insertion Table : org_administre
SQL> -- ====================================================
SQL> INSERT INTO org_administre VALUES(1, 1);

1 ligne créée.

SQL> INSERT INTO org_administre VALUES(1, 2);

1 ligne créée.

SQL> INSERT INTO org_administre VALUES(2, 3);

1 ligne créée.

SQL> 
SQL> COMMIT;

Validation effectuée.

SQL> 
SQL> -- ====================================================
SQL> -- Insertion Table : org_participe
SQL> -- ====================================================
SQL> INSERT INTO org_participe VALUES(1, 1);

1 ligne créée.

SQL> INSERT INTO org_participe VALUES(1, 2);

1 ligne créée.

SQL> INSERT INTO org_participe VALUES(1, 3);

1 ligne créée.

SQL> INSERT INTO org_participe VALUES(2, 1);

1 ligne créée.

SQL> INSERT INTO org_participe VALUES(3, 1);

1 ligne créée.

SQL> INSERT INTO org_participe VALUES(4, 2);

1 ligne créée.

SQL> INSERT INTO org_participe VALUES(5, 2);

1 ligne créée.

SQL> INSERT INTO org_participe VALUES(6, 2);

1 ligne créée.

SQL> INSERT INTO org_participe VALUES(7, 3);

1 ligne créée.

SQL> INSERT INTO org_participe VALUES(8, 3);

1 ligne créée.

SQL> INSERT INTO org_participe VALUES(8, 2);

1 ligne créée.

SQL> INSERT INTO org_participe VALUES(9, 3);

1 ligne créée.

SQL> INSERT INTO org_participe VALUES(9, 2);

1 ligne créée.

SQL> INSERT INTO org_participe VALUES(9, 1);

1 ligne créée.

SQL> 
SQL> COMMIT;

Validation effectuée.

SQL> 
SQL> -- ====================================================
SQL> -- Insertion Table : org_joue
SQL> -- ====================================================
SQL> INSERT INTO org_joue VALUES(sq_org_joue.NEXTVAL, TO_DATE('01.06.2016 08:00', 'dd.mm.yyyy hh24:mi'), 1, 1);

1 ligne créée.

SQL> INSERT INTO org_joue VALUES(sq_org_joue.NEXTVAL, TO_DATE('02.06.2016 09:00', 'dd.mm.yyyy hh24:mi'), 1, 1);

1 ligne créée.

SQL> INSERT INTO org_joue VALUES(sq_org_joue.NEXTVAL, TO_DATE('02.06.2016 10:00', 'dd.mm.yyyy hh24:mi'), 1, 1);

1 ligne créée.

SQL> INSERT INTO org_joue VALUES(sq_org_joue.NEXTVAL, TO_DATE('02.06.2016 11:00', 'dd.mm.yyyy hh24:mi'), 1, 1);

1 ligne créée.

SQL> INSERT INTO org_joue VALUES(sq_org_joue.NEXTVAL, TO_DATE('02.06.2016 12:00', 'dd.mm.yyyy hh24:mi'), 1, 1);

1 ligne créée.

SQL> INSERT INTO org_joue VALUES(sq_org_joue.NEXTVAL, TO_DATE('03.06.2016 13:00', 'dd.mm.yyyy hh24:mi'), 2, 1);

1 ligne créée.

SQL> INSERT INTO org_joue VALUES(sq_org_joue.NEXTVAL, TO_DATE('03.06.2016 14:00', 'dd.mm.yyyy hh24:mi'), 2, 1);

1 ligne créée.

SQL> INSERT INTO org_joue VALUES(sq_org_joue.NEXTVAL, TO_DATE('03.06.2016 15:00', 'dd.mm.yyyy hh24:mi'), 2, 1);

1 ligne créée.

SQL> INSERT INTO org_joue VALUES(sq_org_joue.NEXTVAL, TO_DATE('03.06.2016 16:00', 'dd.mm.yyyy hh24:mi'), 2, 1);

1 ligne créée.

SQL> INSERT INTO org_joue VALUES(sq_org_joue.NEXTVAL, TO_DATE('01.06.2016 17:00', 'dd.mm.yyyy hh24:mi'), 2, 1);

1 ligne créée.

SQL> INSERT INTO org_joue VALUES(sq_org_joue.NEXTVAL, TO_DATE('01.06.2016 18:00', 'dd.mm.yyyy hh24:mi'), 2, 1);

1 ligne créée.

SQL> INSERT INTO org_joue VALUES(sq_org_joue.NEXTVAL, TO_DATE('01.06.2016 19:00', 'dd.mm.yyyy hh24:mi'), 3, 1);

1 ligne créée.

SQL> 
SQL> INSERT INTO org_joue VALUES(sq_org_joue.NEXTVAL, TO_DATE('08:00', 'hh24:mi'), 1, 2);

1 ligne créée.

SQL> INSERT INTO org_joue VALUES(sq_org_joue.NEXTVAL, TO_DATE('09:00', 'hh24:mi'), 4, 2);

1 ligne créée.

SQL> INSERT INTO org_joue VALUES(sq_org_joue.NEXTVAL, TO_DATE('10:00', 'hh24:mi'), 4, 2);

1 ligne créée.

SQL> INSERT INTO org_joue VALUES(sq_org_joue.NEXTVAL, TO_DATE('11:00', 'hh24:mi'), 4, 2);

1 ligne créée.

SQL> INSERT INTO org_joue VALUES(sq_org_joue.NEXTVAL, TO_DATE('12:00', 'hh24:mi'), 4, 2);

1 ligne créée.

SQL> INSERT INTO org_joue VALUES(sq_org_joue.NEXTVAL, TO_DATE('13:00', 'hh24:mi'), 4, 2);

1 ligne créée.

SQL> INSERT INTO org_joue VALUES(sq_org_joue.NEXTVAL, TO_DATE('14:00', 'hh24:mi'), 5, 2);

1 ligne créée.

SQL> INSERT INTO org_joue VALUES(sq_org_joue.NEXTVAL, TO_DATE('15:00', 'hh24:mi'), 5, 2);

1 ligne créée.

SQL> INSERT INTO org_joue VALUES(sq_org_joue.NEXTVAL, TO_DATE('16:00', 'hh24:mi'), 5, 2);

1 ligne créée.

SQL> INSERT INTO org_joue VALUES(sq_org_joue.NEXTVAL, TO_DATE('17:00', 'hh24:mi'), 5, 2);

1 ligne créée.

SQL> INSERT INTO org_joue VALUES(sq_org_joue.NEXTVAL, TO_DATE('18:00', 'hh24:mi'), 7, 2);

1 ligne créée.

SQL> INSERT INTO org_joue VALUES(sq_org_joue.NEXTVAL, TO_DATE('19:00', 'hh24:mi'), 6, 2);

1 ligne créée.

SQL> 
SQL> 
SQL> INSERT INTO org_joue VALUES(sq_org_joue.NEXTVAL, TO_DATE('08:00', 'hh24:mi'), 7, 3);

1 ligne créée.

SQL> INSERT INTO org_joue VALUES(sq_org_joue.NEXTVAL, TO_DATE('09:00', 'hh24:mi'), 7, 3);

1 ligne créée.

SQL> INSERT INTO org_joue VALUES(sq_org_joue.NEXTVAL, TO_DATE('10:00', 'hh24:mi'), 7, 3);

1 ligne créée.

SQL> INSERT INTO org_joue VALUES(sq_org_joue.NEXTVAL, TO_DATE('11:00', 'hh24:mi'), 7, 3);

1 ligne créée.

SQL> INSERT INTO org_joue VALUES(sq_org_joue.NEXTVAL, TO_DATE('12:00', 'hh24:mi'), 7, 3);

1 ligne créée.

SQL> INSERT INTO org_joue VALUES(sq_org_joue.NEXTVAL, TO_DATE('13:00', 'hh24:mi'), 7, 3);

1 ligne créée.

SQL> INSERT INTO org_joue VALUES(sq_org_joue.NEXTVAL, TO_DATE('14:00', 'hh24:mi'), 8, 3);

1 ligne créée.

SQL> INSERT INTO org_joue VALUES(sq_org_joue.NEXTVAL, TO_DATE('15:00', 'hh24:mi'), 8, 3);

1 ligne créée.

SQL> INSERT INTO org_joue VALUES(sq_org_joue.NEXTVAL, TO_DATE('16:00', 'hh24:mi'), 8, 3);

1 ligne créée.

SQL> INSERT INTO org_joue VALUES(sq_org_joue.NEXTVAL, TO_DATE('17:00', 'hh24:mi'), 9, 3);

1 ligne créée.

SQL> INSERT INTO org_joue VALUES(sq_org_joue.NEXTVAL, TO_DATE('18:00', 'hh24:mi'), 9, 3);

1 ligne créée.

SQL> INSERT INTO org_joue VALUES(sq_org_joue.NEXTVAL, TO_DATE('19:00', 'hh24:mi'), 9, 3);

1 ligne créée.

SQL> 
SQL> COMMIT;

Validation effectuée.

SQL> 
SQL> SPOOL OFF
